{"name": "Opens amazon.com, clicks on the cart icon add product and verifies that product is in the Your Shopping Cart", "status": "broken", "statusDetails": {"message": "selenium.common.exceptions.NoSuchElementException: Message: no such element: Unable to locate element: {\"method\":\"xpath\",\"selector\":\"//input[@id='twotabsearchtextbox']\"}\n  (Session info: chrome=78.0.3904.108)\n\n", "trace": "  File \"c:\\users\\rapid\\appdata\\local\\programs\\python\\python38-32\\lib\\site-packages\\behave\\model.py\", line 1329, in run\n    match.run(runner.context)\n  File \"c:\\users\\rapid\\appdata\\local\\programs\\python\\python38-32\\lib\\site-packages\\behave\\matchers.py\", line 98, in run\n    self.func(context, *args, **kwargs)\n  File \"features\\steps\\hw3.1_amazon_add_to_cart.py\", line 48, in enter_search_word\n    search = context.driver.find_element(By.XPATH, \"//input[@id='twotabsearchtextbox']\")\n  File \"c:\\users\\rapid\\appdata\\local\\programs\\python\\python38-32\\lib\\site-packages\\selenium\\webdriver\\remote\\webdriver.py\", line 976, in find_element\n    return self.execute(Command.FIND_ELEMENT, {\n  File \"c:\\users\\rapid\\appdata\\local\\programs\\python\\python38-32\\lib\\site-packages\\selenium\\webdriver\\remote\\webdriver.py\", line 321, in execute\n    self.error_handler.check_response(response)\n  File \"c:\\users\\rapid\\appdata\\local\\programs\\python\\python38-32\\lib\\site-packages\\selenium\\webdriver\\remote\\errorhandler.py\", line 242, in check_response\n    raise exception_class(message, screen, stacktrace)\n"}, "steps": [{"name": "Given Open main page Amazon", "status": "passed", "start": 1579403909277, "stop": 1579403964321}, {"name": "When Click on the Cart icon First", "status": "passed", "start": 1579403964321, "stop": 1579403982785}, {"name": "And Click on the Sign in icon Enter", "status": "passed", "start": 1579403982785, "stop": 1579403995518}, {"name": "Then Enter email into Email field", "status": "passed", "start": 1579403995519, "stop": 1579403997642}, {"name": "And Click on the Continue icon", "status": "passed", "start": 1579403997642, "stop": 1579404002368}, {"name": "Then Enter password into Password field", "status": "passed", "start": 1579404002368, "stop": 1579404006454}, {"name": "And Click on the Sign in icon Continue", "status": "passed", "start": 1579404006454, "stop": 1579404018692}, {"name": "Then Enter \"Brain Stimulator\" into search field", "status": "broken", "statusDetails": {"message": "selenium.common.exceptions.NoSuchElementException: Message: no such element: Unable to locate element: {\"method\":\"xpath\",\"selector\":\"//input[@id='twotabsearchtextbox']\"}\n  (Session info: chrome=78.0.3904.108)\n\n", "trace": "  File \"c:\\users\\rapid\\appdata\\local\\programs\\python\\python38-32\\lib\\site-packages\\behave\\model.py\", line 1329, in run\n    match.run(runner.context)\n  File \"c:\\users\\rapid\\appdata\\local\\programs\\python\\python38-32\\lib\\site-packages\\behave\\matchers.py\", line 98, in run\n    self.func(context, *args, **kwargs)\n  File \"features\\steps\\hw3.1_amazon_add_to_cart.py\", line 48, in enter_search_word\n    search = context.driver.find_element(By.XPATH, \"//input[@id='twotabsearchtextbox']\")\n  File \"c:\\users\\rapid\\appdata\\local\\programs\\python\\python38-32\\lib\\site-packages\\selenium\\webdriver\\remote\\webdriver.py\", line 976, in find_element\n    return self.execute(Command.FIND_ELEMENT, {\n  File \"c:\\users\\rapid\\appdata\\local\\programs\\python\\python38-32\\lib\\site-packages\\selenium\\webdriver\\remote\\webdriver.py\", line 321, in execute\n    self.error_handler.check_response(response)\n  File \"c:\\users\\rapid\\appdata\\local\\programs\\python\\python38-32\\lib\\site-packages\\selenium\\webdriver\\remote\\errorhandler.py\", line 242, in check_response\n    raise exception_class(message, screen, stacktrace)\n"}, "start": 1579404018692, "stop": 1579404022755}, {"name": "And Click on search button", "status": "skipped", "start": 1579404024922, "stop": 1579404024922}, {"name": "And Click on MUSE: The Brain Sensing Headband text", "status": "skipped", "start": 1579404024922, "stop": 1579404024922}, {"name": "Then Click on Add to Cart button", "status": "skipped", "start": 1579404024922, "stop": 1579404024922}, {"name": "Then Click_on_the_no_coverage_btn", "status": "skipped", "start": 1579404024922, "stop": 1579404024922}, {"name": "Then Click on the Cart icon Second", "status": "skipped", "start": 1579404024922, "stop": 1579404024922}, {"name": "Then Verify that text tDCS Device - TheBrainDriver v2. tDCS Digital Precision + Safety Features. (Everything Included. Ready-to-Use). is on the page", "status": "skipped", "start": 1579404024922, "stop": 1579404024922}], "start": 1579403900076, "stop": 1579404024922, "uuid": "c83fb173-db48-4355-9bb0-5a993189374f", "historyId": "d8246ab6982cc60436954b5757bd0a1f", "labels": [{"name": "severity", "value": "normal"}, {"name": "feature", "value": "Test case using BDD that opens amazon.com, clicks on the cart icon add product and verifies that product is in the Your Shopping Cart"}, {"name": "framework", "value": "behave"}, {"name": "language", "value": "cpython3"}]}