{"name": "User can loop through dress colors", "status": "broken", "statusDetails": {"message": "selenium.common.exceptions.StaleElementReferenceException: Message: stale element reference: element is not attached to the page document\n  (Session info: chrome=78.0.3904.108)\n\n", "trace": "  File \"c:\\everything\\my_docs\\self_development\\it\\testing\\automation_08_09_2019\\pycharmprojects\\venv\\lib\\site-packages\\behave\\model.py\", line 1329, in run\n    match.run(runner.context)\n  File \"c:\\everything\\my_docs\\self_development\\it\\testing\\automation_08_09_2019\\pycharmprojects\\venv\\lib\\site-packages\\behave\\matchers.py\", line 98, in run\n    self.func(context, *args, **kwargs)\n  File \"features\\steps\\hw5.2_color_selection_loop.py\", line 25, in verify_colors\n    color.click()\n  File \"c:\\everything\\my_docs\\self_development\\it\\testing\\automation_08_09_2019\\pycharmprojects\\venv\\lib\\site-packages\\selenium\\webdriver\\remote\\webelement.py\", line 80, in click\n    self._execute(Command.CLICK_ELEMENT)\n  File \"c:\\everything\\my_docs\\self_development\\it\\testing\\automation_08_09_2019\\pycharmprojects\\venv\\lib\\site-packages\\selenium\\webdriver\\remote\\webelement.py\", line 633, in _execute\n    return self._parent.execute(command, params)\n  File \"c:\\everything\\my_docs\\self_development\\it\\testing\\automation_08_09_2019\\pycharmprojects\\venv\\lib\\site-packages\\selenium\\webdriver\\remote\\webdriver.py\", line 321, in execute\n    self.error_handler.check_response(response)\n  File \"c:\\everything\\my_docs\\self_development\\it\\testing\\automation_08_09_2019\\pycharmprojects\\venv\\lib\\site-packages\\selenium\\webdriver\\remote\\errorhandler.py\", line 242, in check_response\n    raise exception_class(message, screen, stacktrace)\n"}, "steps": [{"name": "Given Open Amazon dress B07BKD8JCQ page", "status": "passed", "start": 1574397745648, "stop": 1574397760484}, {"name": "Then Verify user can select through colors of jeans", "status": "broken", "statusDetails": {"message": "selenium.common.exceptions.StaleElementReferenceException: Message: stale element reference: element is not attached to the page document\n  (Session info: chrome=78.0.3904.108)\n\n", "trace": "  File \"c:\\everything\\my_docs\\self_development\\it\\testing\\automation_08_09_2019\\pycharmprojects\\venv\\lib\\site-packages\\behave\\model.py\", line 1329, in run\n    match.run(runner.context)\n  File \"c:\\everything\\my_docs\\self_development\\it\\testing\\automation_08_09_2019\\pycharmprojects\\venv\\lib\\site-packages\\behave\\matchers.py\", line 98, in run\n    self.func(context, *args, **kwargs)\n  File \"features\\steps\\hw5.2_color_selection_loop.py\", line 25, in verify_colors\n    color.click()\n  File \"c:\\everything\\my_docs\\self_development\\it\\testing\\automation_08_09_2019\\pycharmprojects\\venv\\lib\\site-packages\\selenium\\webdriver\\remote\\webelement.py\", line 80, in click\n    self._execute(Command.CLICK_ELEMENT)\n  File \"c:\\everything\\my_docs\\self_development\\it\\testing\\automation_08_09_2019\\pycharmprojects\\venv\\lib\\site-packages\\selenium\\webdriver\\remote\\webelement.py\", line 633, in _execute\n    return self._parent.execute(command, params)\n  File \"c:\\everything\\my_docs\\self_development\\it\\testing\\automation_08_09_2019\\pycharmprojects\\venv\\lib\\site-packages\\selenium\\webdriver\\remote\\webdriver.py\", line 321, in execute\n    self.error_handler.check_response(response)\n  File \"c:\\everything\\my_docs\\self_development\\it\\testing\\automation_08_09_2019\\pycharmprojects\\venv\\lib\\site-packages\\selenium\\webdriver\\remote\\errorhandler.py\", line 242, in check_response\n    raise exception_class(message, screen, stacktrace)\n"}, "start": 1574397760485, "stop": 1574397788225}], "start": 1574397732133, "stop": 1574397790806, "uuid": "1872209d-f907-4a4a-bb4e-338e53be30a1", "historyId": "742c6485a6ef9c6443db90b0e0674420", "labels": [{"name": "severity", "value": "normal"}, {"name": "feature", "value": "Test for dress selection"}, {"name": "framework", "value": "behave"}, {"name": "language", "value": "cpython3"}]}