{"name": "User can search for a product", "status": "broken", "statusDetails": {"message": "selenium.common.exceptions.NoSuchElementException: Message: no such element: Unable to locate element: {\"method\":\"xpath\",\"selector\":\"//div[contains(@class,'commercial-unit-desktop-top')]\"}\n  (Session info: chrome=78.0.3904.108)\n\n", "trace": "  File \"c:\\everything\\my_docs\\self_development\\it\\testing\\automation_08_09_2019\\pycharmprojects\\venv\\lib\\site-packages\\behave\\model.py\", line 1329, in run\n    match.run(runner.context)\n  File \"c:\\everything\\my_docs\\self_development\\it\\testing\\automation_08_09_2019\\pycharmprojects\\venv\\lib\\site-packages\\behave\\matchers.py\", line 98, in run\n    self.func(context, *args, **kwargs)\n  File \"features\\steps\\product_search.py\", line 33, in verify_found_results_text\n    results_msg = context.driver.find_element(*RESULTS_FOUND_MESSAGE).text\n  File \"c:\\everything\\my_docs\\self_development\\it\\testing\\automation_08_09_2019\\pycharmprojects\\venv\\lib\\site-packages\\selenium\\webdriver\\remote\\webdriver.py\", line 976, in find_element\n    return self.execute(Command.FIND_ELEMENT, {\n  File \"c:\\everything\\my_docs\\self_development\\it\\testing\\automation_08_09_2019\\pycharmprojects\\venv\\lib\\site-packages\\selenium\\webdriver\\remote\\webdriver.py\", line 321, in execute\n    self.error_handler.check_response(response)\n  File \"c:\\everything\\my_docs\\self_development\\it\\testing\\automation_08_09_2019\\pycharmprojects\\venv\\lib\\site-packages\\selenium\\webdriver\\remote\\errorhandler.py\", line 242, in check_response\n    raise exception_class(message, screen, stacktrace)\n"}, "steps": [{"name": "Given Open Google page", "status": "passed", "start": 1574736986165, "stop": 1574736996453}, {"name": "When Input Heater into search field", "status": "passed", "start": 1574736996454, "stop": 1574737001053}, {"name": "And Click on search icon", "status": "passed", "start": 1574737001053, "stop": 1574737007677}, {"name": "Then Product results for Heater are shown", "status": "broken", "statusDetails": {"message": "selenium.common.exceptions.NoSuchElementException: Message: no such element: Unable to locate element: {\"method\":\"xpath\",\"selector\":\"//div[contains(@class,'commercial-unit-desktop-top')]\"}\n  (Session info: chrome=78.0.3904.108)\n\n", "trace": "  File \"c:\\everything\\my_docs\\self_development\\it\\testing\\automation_08_09_2019\\pycharmprojects\\venv\\lib\\site-packages\\behave\\model.py\", line 1329, in run\n    match.run(runner.context)\n  File \"c:\\everything\\my_docs\\self_development\\it\\testing\\automation_08_09_2019\\pycharmprojects\\venv\\lib\\site-packages\\behave\\matchers.py\", line 98, in run\n    self.func(context, *args, **kwargs)\n  File \"features\\steps\\product_search.py\", line 33, in verify_found_results_text\n    results_msg = context.driver.find_element(*RESULTS_FOUND_MESSAGE).text\n  File \"c:\\everything\\my_docs\\self_development\\it\\testing\\automation_08_09_2019\\pycharmprojects\\venv\\lib\\site-packages\\selenium\\webdriver\\remote\\webdriver.py\", line 976, in find_element\n    return self.execute(Command.FIND_ELEMENT, {\n  File \"c:\\everything\\my_docs\\self_development\\it\\testing\\automation_08_09_2019\\pycharmprojects\\venv\\lib\\site-packages\\selenium\\webdriver\\remote\\webdriver.py\", line 321, in execute\n    self.error_handler.check_response(response)\n  File \"c:\\everything\\my_docs\\self_development\\it\\testing\\automation_08_09_2019\\pycharmprojects\\venv\\lib\\site-packages\\selenium\\webdriver\\remote\\errorhandler.py\", line 242, in check_response\n    raise exception_class(message, screen, stacktrace)\n"}, "start": 1574737007678, "stop": 1574737011700}, {"name": "And First result contains Heater", "status": "skipped", "start": 1574737016160, "stop": 1574737016160}], "start": 1574736975826, "stop": 1574737016160, "uuid": "b06a26de-1aca-43c4-95d6-76a03e09e0c1", "historyId": "e6287342e7156c528eb108828dfaac79", "labels": [{"name": "severity", "value": "normal"}, {"name": "feature", "value": "Test Scenarios for Search functionality"}, {"name": "framework", "value": "behave"}, {"name": "language", "value": "cpython3"}]}