{"name": "Guest explores Ports of Departure", "status": "broken", "statusDetails": {"message": "selenium.common.exceptions.NoSuchElementException: Message: no such element: Unable to locate element: {\"method\":\"css selector\",\"selector\":\"h2.header-title.visible-desktops\"}\n  (Session info: chrome=78.0.3904.108)\n\n", "trace": "  File \"c:\\users\\rapid\\appdata\\local\\programs\\python\\python38-32\\lib\\site-packages\\behave\\model.py\", line 1329, in run\n    match.run(runner.context)\n  File \"c:\\users\\rapid\\appdata\\local\\programs\\python\\python38-32\\lib\\site-packages\\behave\\matchers.py\", line 98, in run\n    self.func(context, *args, **kwargs)\n  File \"features\\steps\\ncl_qa_challenge_dt_12_12_2019.py\", line 35, in shore_exc_is_present\n    TEXT_IS_HERE = context.driver.find_element(*SH_EXC_IS_PRESENT).text\n  File \"c:\\users\\rapid\\appdata\\local\\programs\\python\\python38-32\\lib\\site-packages\\selenium\\webdriver\\remote\\webdriver.py\", line 976, in find_element\n    return self.execute(Command.FIND_ELEMENT, {\n  File \"c:\\users\\rapid\\appdata\\local\\programs\\python\\python38-32\\lib\\site-packages\\selenium\\webdriver\\remote\\webdriver.py\", line 321, in execute\n    self.error_handler.check_response(response)\n  File \"c:\\users\\rapid\\appdata\\local\\programs\\python\\python38-32\\lib\\site-packages\\selenium\\webdriver\\remote\\errorhandler.py\", line 242, in check_response\n    raise exception_class(message, screen, stacktrace)\n"}, "steps": [{"name": "Given a Guest", "status": "passed", "start": 1578186728692, "stop": 1578186735108}, {"name": "And I am on Homepage", "status": "passed", "start": 1578186735108, "stop": 1578186738218}, {"name": "And I navigated to \"Shore Excursion\" page", "status": "passed", "start": 1578186738218, "stop": 1578186749126}, {"name": "And I click Find Excursions", "status": "passed", "start": 1578186749126, "stop": 1578186756175}, {"name": "And Shore Excursions page is present", "status": "broken", "statusDetails": {"message": "selenium.common.exceptions.NoSuchElementException: Message: no such element: Unable to locate element: {\"method\":\"css selector\",\"selector\":\"h2.header-title.visible-desktops\"}\n  (Session info: chrome=78.0.3904.108)\n\n", "trace": "  File \"c:\\users\\rapid\\appdata\\local\\programs\\python\\python38-32\\lib\\site-packages\\behave\\model.py\", line 1329, in run\n    match.run(runner.context)\n  File \"c:\\users\\rapid\\appdata\\local\\programs\\python\\python38-32\\lib\\site-packages\\behave\\matchers.py\", line 98, in run\n    self.func(context, *args, **kwargs)\n  File \"features\\steps\\ncl_qa_challenge_dt_12_12_2019.py\", line 35, in shore_exc_is_present\n    TEXT_IS_HERE = context.driver.find_element(*SH_EXC_IS_PRESENT).text\n  File \"c:\\users\\rapid\\appdata\\local\\programs\\python\\python38-32\\lib\\site-packages\\selenium\\webdriver\\remote\\webdriver.py\", line 976, in find_element\n    return self.execute(Command.FIND_ELEMENT, {\n  File \"c:\\users\\rapid\\appdata\\local\\programs\\python\\python38-32\\lib\\site-packages\\selenium\\webdriver\\remote\\webdriver.py\", line 321, in execute\n    self.error_handler.check_response(response)\n  File \"c:\\users\\rapid\\appdata\\local\\programs\\python\\python38-32\\lib\\site-packages\\selenium\\webdriver\\remote\\errorhandler.py\", line 242, in check_response\n    raise exception_class(message, screen, stacktrace)\n"}, "start": 1578186756175, "stop": 1578186760218}, {"name": "When Price range is filtered to \"$0-$30\"", "status": "skipped", "start": 1578186762794, "stop": 1578186762794}, {"name": "Then Only shore excursions within range are displayed", "status": "skipped", "start": 1578186762795, "stop": 1578186762795}], "start": 1578186719381, "stop": 1578186762795, "uuid": "81180dc5-e783-44b7-89e1-64e80ee86732", "historyId": "09a233c8d3c68a913f2ebf0108199951", "labels": [{"name": "severity", "value": "normal"}, {"name": "feature", "value": "Guest explores Ports of Departure"}, {"name": "framework", "value": "behave"}, {"name": "language", "value": "cpython3"}]}