{"name": "User can search for a product", "status": "broken", "statusDetails": {"message": "selenium.common.exceptions.NoSuchElementException: Message: no such element: Unable to locate element: {\"method\":\"xpath\",\"selector\":\"//span[@class='a-size-base-plus a-color-base a-text-normal']\"}\n  (Session info: chrome=78.0.3904.108)\n\n", "trace": "  File \"c:\\users\\rapid\\appdata\\local\\programs\\python\\python38-32\\lib\\site-packages\\behave\\model.py\", line 1329, in run\n    match.run(runner.context)\n  File \"c:\\users\\rapid\\appdata\\local\\programs\\python\\python38-32\\lib\\site-packages\\behave\\matchers.py\", line 98, in run\n    self.func(context, *args, **kwargs)\n  File \"features\\steps\\hw4.2_following_lana.py\", line 20, in click_on_search_word\n    result = context.driver.find_element(By.XPATH, \"//span[@class='a-size-base-plus a-color-base a-text-normal']\").click()\n  File \"c:\\users\\rapid\\appdata\\local\\programs\\python\\python38-32\\lib\\site-packages\\selenium\\webdriver\\remote\\webdriver.py\", line 976, in find_element\n    return self.execute(Command.FIND_ELEMENT, {\n  File \"c:\\users\\rapid\\appdata\\local\\programs\\python\\python38-32\\lib\\site-packages\\selenium\\webdriver\\remote\\webdriver.py\", line 321, in execute\n    self.error_handler.check_response(response)\n  File \"c:\\users\\rapid\\appdata\\local\\programs\\python\\python38-32\\lib\\site-packages\\selenium\\webdriver\\remote\\errorhandler.py\", line 242, in check_response\n    raise exception_class(message, screen, stacktrace)\n"}, "steps": [{"name": "Given Open Amazon page", "status": "passed", "start": 1576470468964, "stop": 1576470474474}, {"name": "When Search for a Brain Stimulator", "status": "passed", "start": 1576470474474, "stop": 1576470476706}, {"name": "And Click on search", "status": "passed", "start": 1576470476706, "stop": 1576470483721}, {"name": "And Open the first product search result", "status": "broken", "statusDetails": {"message": "selenium.common.exceptions.NoSuchElementException: Message: no such element: Unable to locate element: {\"method\":\"xpath\",\"selector\":\"//span[@class='a-size-base-plus a-color-base a-text-normal']\"}\n  (Session info: chrome=78.0.3904.108)\n\n", "trace": "  File \"c:\\users\\rapid\\appdata\\local\\programs\\python\\python38-32\\lib\\site-packages\\behave\\model.py\", line 1329, in run\n    match.run(runner.context)\n  File \"c:\\users\\rapid\\appdata\\local\\programs\\python\\python38-32\\lib\\site-packages\\behave\\matchers.py\", line 98, in run\n    self.func(context, *args, **kwargs)\n  File \"features\\steps\\hw4.2_following_lana.py\", line 20, in click_on_search_word\n    result = context.driver.find_element(By.XPATH, \"//span[@class='a-size-base-plus a-color-base a-text-normal']\").click()\n  File \"c:\\users\\rapid\\appdata\\local\\programs\\python\\python38-32\\lib\\site-packages\\selenium\\webdriver\\remote\\webdriver.py\", line 976, in find_element\n    return self.execute(Command.FIND_ELEMENT, {\n  File \"c:\\users\\rapid\\appdata\\local\\programs\\python\\python38-32\\lib\\site-packages\\selenium\\webdriver\\remote\\webdriver.py\", line 321, in execute\n    self.error_handler.check_response(response)\n  File \"c:\\users\\rapid\\appdata\\local\\programs\\python\\python38-32\\lib\\site-packages\\selenium\\webdriver\\remote\\errorhandler.py\", line 242, in check_response\n    raise exception_class(message, screen, stacktrace)\n"}, "start": 1576470483721, "stop": 1576470487770}, {"name": "And Click on Add to Cart button", "status": "skipped", "start": 1576470490035, "stop": 1576470490035}, {"name": "Then Verify cart has 0 item", "status": "skipped", "start": 1576470490035, "stop": 1576470490035}], "start": 1576470459760, "stop": 1576470490035, "uuid": "9acc6644-e181-41b4-8ca0-c7c729f42112", "historyId": "62b6b332c733e2416af28c9b83f00733", "labels": [{"name": "severity", "value": "normal"}, {"name": "feature", "value": "Test for Amazon search functionality"}, {"name": "framework", "value": "behave"}, {"name": "language", "value": "cpython3"}]}