{"name": "User can switch the windows and add product the cart", "status": "broken", "statusDetails": {"message": "selenium.common.exceptions.NoSuchElementException: Message: no such element: Unable to locate element: {\"method\":\"xpath\",\"selector\":\"//a[contains(@aria-label, 'deals under $25')]\"}\n  (Session info: chrome=78.0.3904.108)\n\n", "trace": "  File \"c:\\everything\\my_docs\\self_development\\it\\testing\\automation_08_09_2019\\pycharmprojects\\venv\\lib\\site-packages\\behave\\model.py\", line 1329, in run\n    match.run(runner.context)\n  File \"c:\\everything\\my_docs\\self_development\\it\\testing\\automation_08_09_2019\\pycharmprojects\\venv\\lib\\site-packages\\behave\\matchers.py\", line 98, in run\n    self.func(context, *args, **kwargs)\n  File \"features\\steps\\hw6.1_today_deal.py\", line 43, in click_open_deals\n    context.driver.find_element(*SEE_ALL_DEALS).click()\n  File \"c:\\everything\\my_docs\\self_development\\it\\testing\\automation_08_09_2019\\pycharmprojects\\venv\\lib\\site-packages\\selenium\\webdriver\\remote\\webdriver.py\", line 976, in find_element\n    return self.execute(Command.FIND_ELEMENT, {\n  File \"c:\\everything\\my_docs\\self_development\\it\\testing\\automation_08_09_2019\\pycharmprojects\\venv\\lib\\site-packages\\selenium\\webdriver\\remote\\webdriver.py\", line 321, in execute\n    self.error_handler.check_response(response)\n  File \"c:\\everything\\my_docs\\self_development\\it\\testing\\automation_08_09_2019\\pycharmprojects\\venv\\lib\\site-packages\\selenium\\webdriver\\remote\\errorhandler.py\", line 242, in check_response\n    raise exception_class(message, screen, stacktrace)\n"}, "steps": [{"name": "Given Amazon today deal page", "status": "passed", "start": 1574558995189, "stop": 1574559007958}, {"name": "When Store original windows", "status": "passed", "start": 1574559007959, "stop": 1574559007995}, {"name": "When Click on Open Deals", "status": "broken", "statusDetails": {"message": "selenium.common.exceptions.NoSuchElementException: Message: no such element: Unable to locate element: {\"method\":\"xpath\",\"selector\":\"//a[contains(@aria-label, 'deals under $25')]\"}\n  (Session info: chrome=78.0.3904.108)\n\n", "trace": "  File \"c:\\everything\\my_docs\\self_development\\it\\testing\\automation_08_09_2019\\pycharmprojects\\venv\\lib\\site-packages\\behave\\model.py\", line 1329, in run\n    match.run(runner.context)\n  File \"c:\\everything\\my_docs\\self_development\\it\\testing\\automation_08_09_2019\\pycharmprojects\\venv\\lib\\site-packages\\behave\\matchers.py\", line 98, in run\n    self.func(context, *args, **kwargs)\n  File \"features\\steps\\hw6.1_today_deal.py\", line 43, in click_open_deals\n    context.driver.find_element(*SEE_ALL_DEALS).click()\n  File \"c:\\everything\\my_docs\\self_development\\it\\testing\\automation_08_09_2019\\pycharmprojects\\venv\\lib\\site-packages\\selenium\\webdriver\\remote\\webdriver.py\", line 976, in find_element\n    return self.execute(Command.FIND_ELEMENT, {\n  File \"c:\\everything\\my_docs\\self_development\\it\\testing\\automation_08_09_2019\\pycharmprojects\\venv\\lib\\site-packages\\selenium\\webdriver\\remote\\webdriver.py\", line 321, in execute\n    self.error_handler.check_response(response)\n  File \"c:\\everything\\my_docs\\self_development\\it\\testing\\automation_08_09_2019\\pycharmprojects\\venv\\lib\\site-packages\\selenium\\webdriver\\remote\\errorhandler.py\", line 242, in check_response\n    raise exception_class(message, screen, stacktrace)\n"}, "start": 1574559007996, "stop": 1574559012238}, {"name": "When Switch to the new openly window", "status": "skipped", "start": 1574559017314, "stop": 1574559017314}, {"name": "When Today's Deals are shown", "status": "skipped", "start": 1574559017314, "stop": 1574559017314}, {"name": "When Add product to cart", "status": "skipped", "start": 1574559017314, "stop": 1574559017314}, {"name": "When User can close new window and switch back to original", "status": "skipped", "start": 1574559017314, "stop": 1574559017314}, {"name": "When Refresh page", "status": "skipped", "start": 1574559017314, "stop": 1574559017314}, {"name": "When Click on cart", "status": "skipped", "start": 1574559017314, "stop": 1574559017314}, {"name": "When Cart has one item in it", "status": "skipped", "start": 1574559017314, "stop": 1574559017315}, {"name": "When Verify there is one item", "status": "skipped", "start": 1574559017315, "stop": 1574559017315}], "start": 1574558983718, "stop": 1574559017315, "uuid": "fa95b1db-c95e-488d-8beb-dbd02597e147", "historyId": "fad4d211f8c37abeaf463c47c07bdec1", "labels": [{"name": "severity", "value": "normal"}, {"name": "feature", "value": "Today's deal"}, {"name": "framework", "value": "behave"}, {"name": "language", "value": "cpython3"}]}