{"name": "User can search for a product", "status": "broken", "statusDetails": {"message": "selenium.common.exceptions.NoSuchElementException: Message: no such element: Unable to locate element: {\"method\":\"css selector\",\"selector\":\"[id=\"add-to-cart-button\"]\"}\n  (Session info: chrome=78.0.3904.108)\n\n", "trace": "  File \"c:\\users\\rapid\\appdata\\local\\programs\\python\\python38-32\\lib\\site-packages\\behave\\model.py\", line 1329, in run\n    match.run(runner.context)\n  File \"c:\\users\\rapid\\appdata\\local\\programs\\python\\python38-32\\lib\\site-packages\\behave\\matchers.py\", line 98, in run\n    self.func(context, *args, **kwargs)\n  File \"features\\steps\\hw5.1_color_selection_loop.py\", line 13, in click_add_cart\n    context.driver.find_element(*ADD_TO_CART_BUTTON).click()\n  File \"c:\\users\\rapid\\appdata\\local\\programs\\python\\python38-32\\lib\\site-packages\\selenium\\webdriver\\remote\\webdriver.py\", line 976, in find_element\n    return self.execute(Command.FIND_ELEMENT, {\n  File \"c:\\users\\rapid\\appdata\\local\\programs\\python\\python38-32\\lib\\site-packages\\selenium\\webdriver\\remote\\webdriver.py\", line 321, in execute\n    self.error_handler.check_response(response)\n  File \"c:\\users\\rapid\\appdata\\local\\programs\\python\\python38-32\\lib\\site-packages\\selenium\\webdriver\\remote\\errorhandler.py\", line 242, in check_response\n    raise exception_class(message, screen, stacktrace)\n"}, "steps": [{"name": "Given Open Amazon page", "status": "passed", "start": 1575134860350, "stop": 1575134867558}, {"name": "When Search for a Brain Stimulator", "status": "passed", "start": 1575134867558, "stop": 1575134869662}, {"name": "And Click on search", "status": "passed", "start": 1575134869662, "stop": 1575134885047}, {"name": "And Open the first product search result", "status": "passed", "start": 1575134885047, "stop": 1575134892150}, {"name": "And Click on Add to Cart button", "status": "broken", "statusDetails": {"message": "selenium.common.exceptions.NoSuchElementException: Message: no such element: Unable to locate element: {\"method\":\"css selector\",\"selector\":\"[id=\"add-to-cart-button\"]\"}\n  (Session info: chrome=78.0.3904.108)\n\n", "trace": "  File \"c:\\users\\rapid\\appdata\\local\\programs\\python\\python38-32\\lib\\site-packages\\behave\\model.py\", line 1329, in run\n    match.run(runner.context)\n  File \"c:\\users\\rapid\\appdata\\local\\programs\\python\\python38-32\\lib\\site-packages\\behave\\matchers.py\", line 98, in run\n    self.func(context, *args, **kwargs)\n  File \"features\\steps\\hw5.1_color_selection_loop.py\", line 13, in click_add_cart\n    context.driver.find_element(*ADD_TO_CART_BUTTON).click()\n  File \"c:\\users\\rapid\\appdata\\local\\programs\\python\\python38-32\\lib\\site-packages\\selenium\\webdriver\\remote\\webdriver.py\", line 976, in find_element\n    return self.execute(Command.FIND_ELEMENT, {\n  File \"c:\\users\\rapid\\appdata\\local\\programs\\python\\python38-32\\lib\\site-packages\\selenium\\webdriver\\remote\\webdriver.py\", line 321, in execute\n    self.error_handler.check_response(response)\n  File \"c:\\users\\rapid\\appdata\\local\\programs\\python\\python38-32\\lib\\site-packages\\selenium\\webdriver\\remote\\errorhandler.py\", line 242, in check_response\n    raise exception_class(message, screen, stacktrace)\n"}, "start": 1575134892150, "stop": 1575134896174}, {"name": "Then Verify cart has 0 item", "status": "skipped", "start": 1575134898370, "stop": 1575134898370}], "start": 1575134851218, "stop": 1575134898370, "uuid": "d62e6154-335a-4077-b742-34d900a25116", "historyId": "62b6b332c733e2416af28c9b83f00733", "labels": [{"name": "severity", "value": "normal"}, {"name": "feature", "value": "Test for Amazon search functionality"}, {"name": "framework", "value": "behave"}, {"name": "language", "value": "cpython3"}]}