{"name": "Opens amazon.com, clicks on the cart icon add product and verifies that product is in the Your Shopping Cart", "status": "broken", "statusDetails": {"message": "selenium.common.exceptions.NoSuchElementException: Message: no such element: Unable to locate element: {\"method\":\"xpath\",\"selector\":\"//span[@class='a-size-medium sc-product-title']\"}\n  (Session info: chrome=78.0.3904.108)\n\n", "trace": "  File \"c:\\users\\rapid\\appdata\\local\\programs\\python\\python38-32\\lib\\site-packages\\behave\\model.py\", line 1329, in run\n    match.run(runner.context)\n  File \"c:\\users\\rapid\\appdata\\local\\programs\\python\\python38-32\\lib\\site-packages\\behave\\matchers.py\", line 98, in run\n    self.func(context, *args, **kwargs)\n  File \"features\\steps\\hw3.1_amazon_add_to_cart.py\", line 91, in verify_if_product_in_cart\n    result = context.driver.find_element(By.XPATH, \"//span[@class='a-size-medium sc-product-title']\").text\n  File \"c:\\users\\rapid\\appdata\\local\\programs\\python\\python38-32\\lib\\site-packages\\selenium\\webdriver\\remote\\webdriver.py\", line 976, in find_element\n    return self.execute(Command.FIND_ELEMENT, {\n  File \"c:\\users\\rapid\\appdata\\local\\programs\\python\\python38-32\\lib\\site-packages\\selenium\\webdriver\\remote\\webdriver.py\", line 321, in execute\n    self.error_handler.check_response(response)\n  File \"c:\\users\\rapid\\appdata\\local\\programs\\python\\python38-32\\lib\\site-packages\\selenium\\webdriver\\remote\\errorhandler.py\", line 242, in check_response\n    raise exception_class(message, screen, stacktrace)\n"}, "steps": [{"name": "Given Open main page Amazon", "status": "passed", "start": 1579741657357, "stop": 1579741664128}, {"name": "When Click on the Cart icon First", "status": "passed", "start": 1579741664128, "stop": 1579741667175}, {"name": "And Click on the Sign in icon Enter", "status": "passed", "start": 1579741667175, "stop": 1579741672272}, {"name": "Then Enter email into Email field", "status": "passed", "start": 1579741672273, "stop": 1579741674405}, {"name": "And Click on the Continue icon", "status": "passed", "start": 1579741674405, "stop": 1579741678877}, {"name": "Then Enter password into Password field", "status": "passed", "start": 1579741678877, "stop": 1579741682955}, {"name": "And Click on the Sign in icon Continue", "status": "passed", "start": 1579741682955, "stop": 1579741688025}, {"name": "Then Enter \"Brain Stimulator\" into search field", "status": "passed", "start": 1579741688025, "stop": 1579741690149}, {"name": "And Click on search button", "status": "passed", "start": 1579741690149, "stop": 1579741696909}, {"name": "And Click on MUSE: The Brain Sensing Headband text", "status": "passed", "start": 1579741696909, "stop": 1579741702541}, {"name": "Then Click on Add to Cart button", "status": "passed", "start": 1579741702541, "stop": 1579741704662}, {"name": "Then Click_on_the_no_coverage_btn", "status": "passed", "start": 1579741704662, "stop": 1579741706117}, {"name": "Then Click on the Cart icon Second", "status": "passed", "start": 1579741706118, "stop": 1579741710717}, {"name": "Then Verify that text tDCS Device - TheBrainDriver v2. tDCS Digital Precision + Safety Features. (Everything Included. Ready-to-Use). is on the page", "status": "broken", "statusDetails": {"message": "selenium.common.exceptions.NoSuchElementException: Message: no such element: Unable to locate element: {\"method\":\"xpath\",\"selector\":\"//span[@class='a-size-medium sc-product-title']\"}\n  (Session info: chrome=78.0.3904.108)\n\n", "trace": "  File \"c:\\users\\rapid\\appdata\\local\\programs\\python\\python38-32\\lib\\site-packages\\behave\\model.py\", line 1329, in run\n    match.run(runner.context)\n  File \"c:\\users\\rapid\\appdata\\local\\programs\\python\\python38-32\\lib\\site-packages\\behave\\matchers.py\", line 98, in run\n    self.func(context, *args, **kwargs)\n  File \"features\\steps\\hw3.1_amazon_add_to_cart.py\", line 91, in verify_if_product_in_cart\n    result = context.driver.find_element(By.XPATH, \"//span[@class='a-size-medium sc-product-title']\").text\n  File \"c:\\users\\rapid\\appdata\\local\\programs\\python\\python38-32\\lib\\site-packages\\selenium\\webdriver\\remote\\webdriver.py\", line 976, in find_element\n    return self.execute(Command.FIND_ELEMENT, {\n  File \"c:\\users\\rapid\\appdata\\local\\programs\\python\\python38-32\\lib\\site-packages\\selenium\\webdriver\\remote\\webdriver.py\", line 321, in execute\n    self.error_handler.check_response(response)\n  File \"c:\\users\\rapid\\appdata\\local\\programs\\python\\python38-32\\lib\\site-packages\\selenium\\webdriver\\remote\\errorhandler.py\", line 242, in check_response\n    raise exception_class(message, screen, stacktrace)\n"}, "start": 1579741710717, "stop": 1579741714767}], "start": 1579741648253, "stop": 1579741717010, "uuid": "2bcc188f-8449-46dc-856a-f0f9142b2d3c", "historyId": "d8246ab6982cc60436954b5757bd0a1f", "labels": [{"name": "severity", "value": "normal"}, {"name": "feature", "value": "Test case using BDD that opens amazon.com, clicks on the cart icon add product and verifies that product is in the Your Shopping Cart"}, {"name": "framework", "value": "behave"}, {"name": "language", "value": "cpython3"}]}