{"name": "Verify every product on the page has a text Regular and a product name", "status": "broken", "statusDetails": {"message": "selenium.common.exceptions.NoSuchElementException: Message: no such element: Unable to locate element: {\"method\":\"xpath\",\"selector\":\"//*[@id='wfm-pmd_deals_section']/div[6]//li\"}\n  (Session info: chrome=78.0.3904.108)\n\n", "trace": "  File \"c:\\users\\rapid\\appdata\\local\\programs\\python\\python38-32\\lib\\site-packages\\behave\\model.py\", line 1329, in run\n    match.run(runner.context)\n  File \"c:\\users\\rapid\\appdata\\local\\programs\\python\\python38-32\\lib\\site-packages\\behave\\matchers.py\", line 98, in run\n    self.func(context, *args, **kwargs)\n  File \"features\\steps\\hw5.3_regular_product_names.py\", line 29, in verify_product_has_word\n    print('The actual word is: ', (context.driver.find_element(*SELECTED_WORD).text), '.')\n  File \"c:\\users\\rapid\\appdata\\local\\programs\\python\\python38-32\\lib\\site-packages\\selenium\\webdriver\\remote\\webdriver.py\", line 976, in find_element\n    return self.execute(Command.FIND_ELEMENT, {\n  File \"c:\\users\\rapid\\appdata\\local\\programs\\python\\python38-32\\lib\\site-packages\\selenium\\webdriver\\remote\\webdriver.py\", line 321, in execute\n    self.error_handler.check_response(response)\n  File \"c:\\users\\rapid\\appdata\\local\\programs\\python\\python38-32\\lib\\site-packages\\selenium\\webdriver\\remote\\errorhandler.py\", line 242, in check_response\n    raise exception_class(message, screen, stacktrace)\n"}, "steps": [{"name": "Given Open Amazon's wholefoodsdeals page", "status": "passed", "start": 1579480638052, "stop": 1579480659705}, {"name": "Then Verify every product on the page has a text Regular and a product name", "status": "broken", "statusDetails": {"message": "selenium.common.exceptions.NoSuchElementException: Message: no such element: Unable to locate element: {\"method\":\"xpath\",\"selector\":\"//*[@id='wfm-pmd_deals_section']/div[6]//li\"}\n  (Session info: chrome=78.0.3904.108)\n\n", "trace": "  File \"c:\\users\\rapid\\appdata\\local\\programs\\python\\python38-32\\lib\\site-packages\\behave\\model.py\", line 1329, in run\n    match.run(runner.context)\n  File \"c:\\users\\rapid\\appdata\\local\\programs\\python\\python38-32\\lib\\site-packages\\behave\\matchers.py\", line 98, in run\n    self.func(context, *args, **kwargs)\n  File \"features\\steps\\hw5.3_regular_product_names.py\", line 29, in verify_product_has_word\n    print('The actual word is: ', (context.driver.find_element(*SELECTED_WORD).text), '.')\n  File \"c:\\users\\rapid\\appdata\\local\\programs\\python\\python38-32\\lib\\site-packages\\selenium\\webdriver\\remote\\webdriver.py\", line 976, in find_element\n    return self.execute(Command.FIND_ELEMENT, {\n  File \"c:\\users\\rapid\\appdata\\local\\programs\\python\\python38-32\\lib\\site-packages\\selenium\\webdriver\\remote\\webdriver.py\", line 321, in execute\n    self.error_handler.check_response(response)\n  File \"c:\\users\\rapid\\appdata\\local\\programs\\python\\python38-32\\lib\\site-packages\\selenium\\webdriver\\remote\\errorhandler.py\", line 242, in check_response\n    raise exception_class(message, screen, stacktrace)\n"}, "start": 1579480659706, "stop": 1579480667788}], "start": 1579480628936, "stop": 1579480669899, "uuid": "ade9c029-f381-4cb1-8ce3-1ce7f9ff6941", "historyId": "a11b89ae071f110016b9b40e571f3240", "labels": [{"name": "severity", "value": "normal"}, {"name": "feature", "value": "Test for verify every product on the page has a text Regular and a product name"}, {"name": "framework", "value": "behave"}, {"name": "language", "value": "cpython3"}]}