{"name": "User can search for a product", "status": "broken", "statusDetails": {"message": "selenium.common.exceptions.NoSuchElementException: Message: no such element: Unable to locate element: {\"method\":\"css selector\",\"selector\":\"h1 span.a-text-bold\"}\n  (Session info: chrome=78.0.3904.108)\n\n", "trace": "  File \"c:\\users\\rapid\\appdata\\local\\programs\\python\\python38-32\\lib\\site-packages\\behave\\model.py\", line 1329, in run\n    match.run(runner.context)\n  File \"c:\\users\\rapid\\appdata\\local\\programs\\python\\python38-32\\lib\\site-packages\\behave\\matchers.py\", line 98, in run\n    self.func(context, *args, **kwargs)\n  File \"features\\steps\\hw7.1_user_can_search_for_a_product.py\", line 23, in verify_results\n    context.app.search_results_page.verify_results_shown(product)\n  File \"C:\\Everything\\My_docs\\Self_development\\IT\\Testing\\Automation_08_09_2019\\python-selenium-automation\\pages\\hw7_search_results_page.py\", line 8, in verify_results_shown\n    self.verify_text(expected_text, *self.TOOLBAR_TEXT_BOLD)\n  File \"C:\\Everything\\My_docs\\Self_development\\IT\\Testing\\Automation_08_09_2019\\python-selenium-automation\\pages\\hw7_base_page.py\", line 44, in verify_text\n    actual_text = self.driver.find_element(*locator).text\n  File \"c:\\users\\rapid\\appdata\\local\\programs\\python\\python38-32\\lib\\site-packages\\selenium\\webdriver\\remote\\webdriver.py\", line 976, in find_element\n    return self.execute(Command.FIND_ELEMENT, {\n  File \"c:\\users\\rapid\\appdata\\local\\programs\\python\\python38-32\\lib\\site-packages\\selenium\\webdriver\\remote\\webdriver.py\", line 321, in execute\n    self.error_handler.check_response(response)\n  File \"c:\\users\\rapid\\appdata\\local\\programs\\python\\python38-32\\lib\\site-packages\\selenium\\webdriver\\remote\\errorhandler.py\", line 242, in check_response\n    raise exception_class(message, screen, stacktrace)\n"}, "steps": [{"name": "Given Open Amazon page", "status": "passed", "start": 1579741962931, "stop": 1579741965964}, {"name": "When Search for dress", "status": "passed", "start": 1579741965964, "stop": 1579741966254}, {"name": "Then Search results for \"dress\" is shown", "status": "broken", "statusDetails": {"message": "selenium.common.exceptions.NoSuchElementException: Message: no such element: Unable to locate element: {\"method\":\"css selector\",\"selector\":\"h1 span.a-text-bold\"}\n  (Session info: chrome=78.0.3904.108)\n\n", "trace": "  File \"c:\\users\\rapid\\appdata\\local\\programs\\python\\python38-32\\lib\\site-packages\\behave\\model.py\", line 1329, in run\n    match.run(runner.context)\n  File \"c:\\users\\rapid\\appdata\\local\\programs\\python\\python38-32\\lib\\site-packages\\behave\\matchers.py\", line 98, in run\n    self.func(context, *args, **kwargs)\n  File \"features\\steps\\hw7.1_user_can_search_for_a_product.py\", line 23, in verify_results\n    context.app.search_results_page.verify_results_shown(product)\n  File \"C:\\Everything\\My_docs\\Self_development\\IT\\Testing\\Automation_08_09_2019\\python-selenium-automation\\pages\\hw7_search_results_page.py\", line 8, in verify_results_shown\n    self.verify_text(expected_text, *self.TOOLBAR_TEXT_BOLD)\n  File \"C:\\Everything\\My_docs\\Self_development\\IT\\Testing\\Automation_08_09_2019\\python-selenium-automation\\pages\\hw7_base_page.py\", line 44, in verify_text\n    actual_text = self.driver.find_element(*locator).text\n  File \"c:\\users\\rapid\\appdata\\local\\programs\\python\\python38-32\\lib\\site-packages\\selenium\\webdriver\\remote\\webdriver.py\", line 976, in find_element\n    return self.execute(Command.FIND_ELEMENT, {\n  File \"c:\\users\\rapid\\appdata\\local\\programs\\python\\python38-32\\lib\\site-packages\\selenium\\webdriver\\remote\\webdriver.py\", line 321, in execute\n    self.error_handler.check_response(response)\n  File \"c:\\users\\rapid\\appdata\\local\\programs\\python\\python38-32\\lib\\site-packages\\selenium\\webdriver\\remote\\errorhandler.py\", line 242, in check_response\n    raise exception_class(message, screen, stacktrace)\n"}, "start": 1579741966255, "stop": 1579741970299}], "start": 1579741953808, "stop": 1579741972573, "uuid": "678993dd-e65a-4949-aaae-4fcbdfd7f662", "historyId": "a7288a03ea8ac950f6d81e3ea081d37f", "labels": [{"name": "severity", "value": "normal"}, {"name": "feature", "value": "hw7.1"}, {"name": "framework", "value": "behave"}, {"name": "language", "value": "cpython3"}]}