{"name": "User can search for a product", "status": "broken", "statusDetails": {"message": "selenium.common.exceptions.NoSuchElementException: Message: no such element: Unable to locate element: {\"method\":\"xpath\",\"selector\":\"//span[@class='a-size-base-plus a-color-base a-text-normal']\"}\n  (Session info: chrome=78.0.3904.108)\n\n", "trace": "  File \"c:\\users\\rapid\\appdata\\local\\programs\\python\\python38-32\\lib\\site-packages\\behave\\model.py\", line 1329, in run\n    match.run(runner.context)\n  File \"c:\\users\\rapid\\appdata\\local\\programs\\python\\python38-32\\lib\\site-packages\\behave\\matchers.py\", line 98, in run\n    self.func(context, *args, **kwargs)\n  File \"features\\steps\\hw4.2_following_lana.py\", line 20, in click_on_search_word\n    result = context.driver.find_element(By.XPATH, \"//span[@class='a-size-base-plus a-color-base a-text-normal']\").click()\n  File \"c:\\users\\rapid\\appdata\\local\\programs\\python\\python38-32\\lib\\site-packages\\selenium\\webdriver\\remote\\webdriver.py\", line 976, in find_element\n    return self.execute(Command.FIND_ELEMENT, {\n  File \"c:\\users\\rapid\\appdata\\local\\programs\\python\\python38-32\\lib\\site-packages\\selenium\\webdriver\\remote\\webdriver.py\", line 321, in execute\n    self.error_handler.check_response(response)\n  File \"c:\\users\\rapid\\appdata\\local\\programs\\python\\python38-32\\lib\\site-packages\\selenium\\webdriver\\remote\\errorhandler.py\", line 242, in check_response\n    raise exception_class(message, screen, stacktrace)\n"}, "steps": [{"name": "Given Open Amazon page", "status": "passed", "start": 1578098419835, "stop": 1578098429347}, {"name": "When Search for a Brain Stimulator", "status": "passed", "start": 1578098429347, "stop": 1578098431607}, {"name": "And Click on search", "status": "passed", "start": 1578098431607, "stop": 1578098440534}, {"name": "And Open the first product search result", "status": "broken", "statusDetails": {"message": "selenium.common.exceptions.NoSuchElementException: Message: no such element: Unable to locate element: {\"method\":\"xpath\",\"selector\":\"//span[@class='a-size-base-plus a-color-base a-text-normal']\"}\n  (Session info: chrome=78.0.3904.108)\n\n", "trace": "  File \"c:\\users\\rapid\\appdata\\local\\programs\\python\\python38-32\\lib\\site-packages\\behave\\model.py\", line 1329, in run\n    match.run(runner.context)\n  File \"c:\\users\\rapid\\appdata\\local\\programs\\python\\python38-32\\lib\\site-packages\\behave\\matchers.py\", line 98, in run\n    self.func(context, *args, **kwargs)\n  File \"features\\steps\\hw4.2_following_lana.py\", line 20, in click_on_search_word\n    result = context.driver.find_element(By.XPATH, \"//span[@class='a-size-base-plus a-color-base a-text-normal']\").click()\n  File \"c:\\users\\rapid\\appdata\\local\\programs\\python\\python38-32\\lib\\site-packages\\selenium\\webdriver\\remote\\webdriver.py\", line 976, in find_element\n    return self.execute(Command.FIND_ELEMENT, {\n  File \"c:\\users\\rapid\\appdata\\local\\programs\\python\\python38-32\\lib\\site-packages\\selenium\\webdriver\\remote\\webdriver.py\", line 321, in execute\n    self.error_handler.check_response(response)\n  File \"c:\\users\\rapid\\appdata\\local\\programs\\python\\python38-32\\lib\\site-packages\\selenium\\webdriver\\remote\\errorhandler.py\", line 242, in check_response\n    raise exception_class(message, screen, stacktrace)\n"}, "start": 1578098440534, "stop": 1578098444560}, {"name": "And Click on Add to Cart button", "status": "skipped", "start": 1578098446768, "stop": 1578098446768}, {"name": "Then Verify cart has 0 item", "status": "skipped", "start": 1578098446768, "stop": 1578098446768}], "start": 1578098410691, "stop": 1578098446768, "uuid": "ebd23a9d-ac75-44bf-9933-f087e26fc86c", "historyId": "62b6b332c733e2416af28c9b83f00733", "labels": [{"name": "severity", "value": "normal"}, {"name": "feature", "value": "Test for Amazon search functionality"}, {"name": "framework", "value": "behave"}, {"name": "language", "value": "cpython3"}]}