{"name": "Opens amazon.com, clicks on the cart icon add product and verifies that product is in the Your Shopping Cart", "status": "broken", "statusDetails": {"message": "selenium.common.exceptions.NoSuchElementException: Message: no such element: Unable to locate element: {\"method\":\"xpath\",\"selector\":\"//input[@id='twotabsearchtextbox']\"}\n  (Session info: chrome=79.0.3945.130)\n\n", "trace": "  File \"c:\\users\\rapid\\appdata\\local\\programs\\python\\python38-32\\lib\\site-packages\\behave\\model.py\", line 1329, in run\n    match.run(runner.context)\n  File \"c:\\users\\rapid\\appdata\\local\\programs\\python\\python38-32\\lib\\site-packages\\behave\\matchers.py\", line 98, in run\n    self.func(context, *args, **kwargs)\n  File \"features\\steps\\hw3.1_amazon_add_to_cart.py\", line 48, in enter_search_word\n    search = context.driver.find_element(By.XPATH, \"//input[@id='twotabsearchtextbox']\")\n  File \"c:\\users\\rapid\\appdata\\local\\programs\\python\\python38-32\\lib\\site-packages\\selenium\\webdriver\\remote\\webdriver.py\", line 976, in find_element\n    return self.execute(Command.FIND_ELEMENT, {\n  File \"c:\\users\\rapid\\appdata\\local\\programs\\python\\python38-32\\lib\\site-packages\\selenium\\webdriver\\remote\\webdriver.py\", line 321, in execute\n    self.error_handler.check_response(response)\n  File \"c:\\users\\rapid\\appdata\\local\\programs\\python\\python38-32\\lib\\site-packages\\selenium\\webdriver\\remote\\errorhandler.py\", line 242, in check_response\n    raise exception_class(message, screen, stacktrace)\n"}, "steps": [{"name": "Given Open main page Amazon", "status": "passed", "start": 1580341813873, "stop": 1580341825200}, {"name": "When Click on the Cart icon First", "status": "passed", "start": 1580341825200, "stop": 1580341828836}, {"name": "And Click on the Sign in icon Enter", "status": "passed", "start": 1580341828837, "stop": 1580341834664}, {"name": "Then Enter email into Email field", "status": "passed", "start": 1580341834664, "stop": 1580341836780}, {"name": "And Click on the Continue icon", "status": "passed", "start": 1580341836780, "stop": 1580341841452}, {"name": "Then Enter password into Password field", "status": "passed", "start": 1580341841452, "stop": 1580341845536}, {"name": "And Click on the Sign in icon Continue", "status": "passed", "start": 1580341845536, "stop": 1580341851893}, {"name": "Then Enter \"Brain Stimulator\" into search field", "status": "broken", "statusDetails": {"message": "selenium.common.exceptions.NoSuchElementException: Message: no such element: Unable to locate element: {\"method\":\"xpath\",\"selector\":\"//input[@id='twotabsearchtextbox']\"}\n  (Session info: chrome=79.0.3945.130)\n\n", "trace": "  File \"c:\\users\\rapid\\appdata\\local\\programs\\python\\python38-32\\lib\\site-packages\\behave\\model.py\", line 1329, in run\n    match.run(runner.context)\n  File \"c:\\users\\rapid\\appdata\\local\\programs\\python\\python38-32\\lib\\site-packages\\behave\\matchers.py\", line 98, in run\n    self.func(context, *args, **kwargs)\n  File \"features\\steps\\hw3.1_amazon_add_to_cart.py\", line 48, in enter_search_word\n    search = context.driver.find_element(By.XPATH, \"//input[@id='twotabsearchtextbox']\")\n  File \"c:\\users\\rapid\\appdata\\local\\programs\\python\\python38-32\\lib\\site-packages\\selenium\\webdriver\\remote\\webdriver.py\", line 976, in find_element\n    return self.execute(Command.FIND_ELEMENT, {\n  File \"c:\\users\\rapid\\appdata\\local\\programs\\python\\python38-32\\lib\\site-packages\\selenium\\webdriver\\remote\\webdriver.py\", line 321, in execute\n    self.error_handler.check_response(response)\n  File \"c:\\users\\rapid\\appdata\\local\\programs\\python\\python38-32\\lib\\site-packages\\selenium\\webdriver\\remote\\errorhandler.py\", line 242, in check_response\n    raise exception_class(message, screen, stacktrace)\n"}, "start": 1580341851893, "stop": 1580341855919}, {"name": "And Click on search button", "status": "skipped", "start": 1580341858169, "stop": 1580341858169}, {"name": "And Click on MUSE: The Brain Sensing Headband text", "status": "skipped", "start": 1580341858169, "stop": 1580341858169}, {"name": "Then Click on Add to Cart button", "status": "skipped", "start": 1580341858169, "stop": 1580341858169}, {"name": "Then Click_on_the_no_coverage_btn", "status": "skipped", "start": 1580341858169, "stop": 1580341858169}, {"name": "Then Click on the Cart icon Second", "status": "skipped", "start": 1580341858169, "stop": 1580341858169}, {"name": "Then Verify that text tDCS Device - TheBrainDriver v2. tDCS Digital Precision + Safety Features. (Everything Included. Ready-to-Use). is on the page", "status": "skipped", "start": 1580341858169, "stop": 1580341858169}], "start": 1580341804576, "stop": 1580341858169, "uuid": "79a26919-1099-4061-9be8-8ba03572798f", "historyId": "d8246ab6982cc60436954b5757bd0a1f", "labels": [{"name": "severity", "value": "normal"}, {"name": "feature", "value": "Test case using BDD that opens amazon.com, clicks on the cart icon add product and verifies that product is in the Your Shopping Cart"}, {"name": "framework", "value": "behave"}, {"name": "language", "value": "cpython3"}]}