{"name": "Opens amazon.com, clicks on the cart icon add product and verifies that product is in the Your Shopping Cart", "status": "broken", "statusDetails": {"message": "selenium.common.exceptions.NoSuchElementException: Message: no such element: Unable to locate element: {\"method\":\"xpath\",\"selector\":\"//span[@class='action-inner']\"}\n  (Session info: chrome=78.0.3904.108)\n\n", "trace": "  File \"c:\\users\\rapid\\appdata\\local\\programs\\python\\python38-32\\lib\\site-packages\\behave\\model.py\", line 1329, in run\n    match.run(runner.context)\n  File \"c:\\users\\rapid\\appdata\\local\\programs\\python\\python38-32\\lib\\site-packages\\behave\\matchers.py\", line 98, in run\n    self.func(context, *args, **kwargs)\n  File \"features\\steps\\hw3.1_amazon_add_to_cart.py\", line 19, in click_on_sign_in_enter\n    context.driver.find_element(By.XPATH, \"//span[@class='action-inner']\").click()\n  File \"c:\\users\\rapid\\appdata\\local\\programs\\python\\python38-32\\lib\\site-packages\\selenium\\webdriver\\remote\\webdriver.py\", line 976, in find_element\n    return self.execute(Command.FIND_ELEMENT, {\n  File \"c:\\users\\rapid\\appdata\\local\\programs\\python\\python38-32\\lib\\site-packages\\selenium\\webdriver\\remote\\webdriver.py\", line 321, in execute\n    self.error_handler.check_response(response)\n  File \"c:\\users\\rapid\\appdata\\local\\programs\\python\\python38-32\\lib\\site-packages\\selenium\\webdriver\\remote\\errorhandler.py\", line 242, in check_response\n    raise exception_class(message, screen, stacktrace)\n"}, "steps": [{"name": "Given Open main page Amazon", "status": "passed", "start": 1578098307181, "stop": 1578098315321}, {"name": "When Click on the Cart icon First", "status": "passed", "start": 1578098315321, "stop": 1578098324464}, {"name": "And Click on the Sign in icon Enter", "status": "broken", "statusDetails": {"message": "selenium.common.exceptions.NoSuchElementException: Message: no such element: Unable to locate element: {\"method\":\"xpath\",\"selector\":\"//span[@class='action-inner']\"}\n  (Session info: chrome=78.0.3904.108)\n\n", "trace": "  File \"c:\\users\\rapid\\appdata\\local\\programs\\python\\python38-32\\lib\\site-packages\\behave\\model.py\", line 1329, in run\n    match.run(runner.context)\n  File \"c:\\users\\rapid\\appdata\\local\\programs\\python\\python38-32\\lib\\site-packages\\behave\\matchers.py\", line 98, in run\n    self.func(context, *args, **kwargs)\n  File \"features\\steps\\hw3.1_amazon_add_to_cart.py\", line 19, in click_on_sign_in_enter\n    context.driver.find_element(By.XPATH, \"//span[@class='action-inner']\").click()\n  File \"c:\\users\\rapid\\appdata\\local\\programs\\python\\python38-32\\lib\\site-packages\\selenium\\webdriver\\remote\\webdriver.py\", line 976, in find_element\n    return self.execute(Command.FIND_ELEMENT, {\n  File \"c:\\users\\rapid\\appdata\\local\\programs\\python\\python38-32\\lib\\site-packages\\selenium\\webdriver\\remote\\webdriver.py\", line 321, in execute\n    self.error_handler.check_response(response)\n  File \"c:\\users\\rapid\\appdata\\local\\programs\\python\\python38-32\\lib\\site-packages\\selenium\\webdriver\\remote\\errorhandler.py\", line 242, in check_response\n    raise exception_class(message, screen, stacktrace)\n"}, "start": 1578098324464, "stop": 1578098328503}, {"name": "Then Enter email into Email field", "status": "skipped", "start": 1578098330680, "stop": 1578098330680}, {"name": "And Click on the Continue icon", "status": "skipped", "start": 1578098330680, "stop": 1578098330681}, {"name": "Then Enter password into Password field", "status": "skipped", "start": 1578098330681, "stop": 1578098330681}, {"name": "And Click on the Sign in icon Continue", "status": "skipped", "start": 1578098330681, "stop": 1578098330681}, {"name": "Then Enter \"Brain Stimulator\" into search field", "status": "skipped", "start": 1578098330681, "stop": 1578098330681}, {"name": "And Click on search button", "status": "skipped", "start": 1578098330681, "stop": 1578098330681}, {"name": "And Click on MUSE: The Brain Sensing Headband text", "status": "skipped", "start": 1578098330681, "stop": 1578098330681}, {"name": "Then Click on Add to Cart button", "status": "skipped", "start": 1578098330681, "stop": 1578098330681}, {"name": "Then Click_on_the_no_coverage_btn", "status": "skipped", "start": 1578098330681, "stop": 1578098330681}, {"name": "Then Click on the Cart icon Second", "status": "skipped", "start": 1578098330681, "stop": 1578098330681}, {"name": "Then Verify that text tDCS Device - TheBrainDriver v2. tDCS Digital Precision + Safety Features. (Everything Included. Ready-to-Use). is on the page", "status": "skipped", "start": 1578098330681, "stop": 1578098330681}], "start": 1578098297814, "stop": 1578098330681, "uuid": "acb344ba-6639-4862-99bf-b536f903440f", "historyId": "d8246ab6982cc60436954b5757bd0a1f", "labels": [{"name": "severity", "value": "normal"}, {"name": "feature", "value": "Test case using BDD that opens amazon.com, clicks on the cart icon add product and verifies that product is in the Your Shopping Cart"}, {"name": "framework", "value": "behave"}, {"name": "language", "value": "cpython3"}]}