{"name": "'Your Shopping Cart is empty' shown if no product added", "status": "broken", "statusDetails": {"message": "selenium.common.exceptions.NoSuchElementException: Message: no such element: Unable to locate element: {\"method\":\"css selector\",\"selector\":\"h1.sc-empty-cart-header\"}\n  (Session info: chrome=83.0.4103.116)\n\n", "trace": "  File \"c:\\everything\\my_docs\\self_development\\it\\testing\\automation_08_09_2019\\seleniumwd_barancev_dt_18_june_2020\\venv\\lib\\site-packages\\behave\\model.py\", line 1329, in run\n    match.run(runner.context)\n  File \"c:\\everything\\my_docs\\self_development\\it\\testing\\automation_08_09_2019\\seleniumwd_barancev_dt_18_june_2020\\venv\\lib\\site-packages\\behave\\matchers.py\", line 98, in run\n    self.func(context, *args, **kwargs)\n  File \"features\\steps\\hw7.2_main_page_steps.py\", line 47, in verify_cart_empty\n    context.driver.find_element(*CART_EMPTY )\n  File \"c:\\everything\\my_docs\\self_development\\it\\testing\\automation_08_09_2019\\seleniumwd_barancev_dt_18_june_2020\\venv\\lib\\site-packages\\selenium\\webdriver\\remote\\webdriver.py\", line 976, in find_element\n    return self.execute(Command.FIND_ELEMENT, {\n  File \"c:\\everything\\my_docs\\self_development\\it\\testing\\automation_08_09_2019\\seleniumwd_barancev_dt_18_june_2020\\venv\\lib\\site-packages\\selenium\\webdriver\\remote\\webdriver.py\", line 321, in execute\n    self.error_handler.check_response(response)\n  File \"c:\\everything\\my_docs\\self_development\\it\\testing\\automation_08_09_2019\\seleniumwd_barancev_dt_18_june_2020\\venv\\lib\\site-packages\\selenium\\webdriver\\remote\\errorhandler.py\", line 242, in check_response\n    raise exception_class(message, screen, stacktrace)\n"}, "steps": [{"name": "Given Open Amazon page", "status": "passed", "start": 1593973649131, "stop": 1593973650286}, {"name": "When Click on cart icon", "status": "passed", "start": 1593973650286, "stop": 1593973652488}, {"name": "Then Verify 'Your Shopping Cart is empty.' text present", "status": "broken", "statusDetails": {"message": "selenium.common.exceptions.NoSuchElementException: Message: no such element: Unable to locate element: {\"method\":\"css selector\",\"selector\":\"h1.sc-empty-cart-header\"}\n  (Session info: chrome=83.0.4103.116)\n\n", "trace": "  File \"c:\\everything\\my_docs\\self_development\\it\\testing\\automation_08_09_2019\\seleniumwd_barancev_dt_18_june_2020\\venv\\lib\\site-packages\\behave\\model.py\", line 1329, in run\n    match.run(runner.context)\n  File \"c:\\everything\\my_docs\\self_development\\it\\testing\\automation_08_09_2019\\seleniumwd_barancev_dt_18_june_2020\\venv\\lib\\site-packages\\behave\\matchers.py\", line 98, in run\n    self.func(context, *args, **kwargs)\n  File \"features\\steps\\hw7.2_main_page_steps.py\", line 47, in verify_cart_empty\n    context.driver.find_element(*CART_EMPTY )\n  File \"c:\\everything\\my_docs\\self_development\\it\\testing\\automation_08_09_2019\\seleniumwd_barancev_dt_18_june_2020\\venv\\lib\\site-packages\\selenium\\webdriver\\remote\\webdriver.py\", line 976, in find_element\n    return self.execute(Command.FIND_ELEMENT, {\n  File \"c:\\everything\\my_docs\\self_development\\it\\testing\\automation_08_09_2019\\seleniumwd_barancev_dt_18_june_2020\\venv\\lib\\site-packages\\selenium\\webdriver\\remote\\webdriver.py\", line 321, in execute\n    self.error_handler.check_response(response)\n  File \"c:\\everything\\my_docs\\self_development\\it\\testing\\automation_08_09_2019\\seleniumwd_barancev_dt_18_june_2020\\venv\\lib\\site-packages\\selenium\\webdriver\\remote\\errorhandler.py\", line 242, in check_response\n    raise exception_class(message, screen, stacktrace)\n"}, "start": 1593973652488, "stop": 1593973656507}], "start": 1593973643833, "stop": 1593973658743, "uuid": "b8eda045-abb2-47a7-9bb5-6ca73121f9a3", "historyId": "8caab09ab88d16c7780e9954c95d98e2", "labels": [{"name": "severity", "value": "normal"}, {"name": "feature", "value": "Tests for Orders functionality"}, {"name": "framework", "value": "behave"}, {"name": "language", "value": "cpython3"}]}