{"name": "Opens amazon.com, clicks on the cart icon add product and verifies that product is in the Your Shopping Cart", "status": "broken", "statusDetails": {"message": "selenium.common.exceptions.NoSuchElementException: Message: no such element: Unable to locate element: {\"method\":\"xpath\",\"selector\":\"//span[@class='a-size-medium sc-product-title']\"}\n  (Session info: chrome=78.0.3904.108)\n\n", "trace": "  File \"c:\\users\\rapid\\appdata\\local\\programs\\python\\python38-32\\lib\\site-packages\\behave\\model.py\", line 1329, in run\n    match.run(runner.context)\n  File \"c:\\users\\rapid\\appdata\\local\\programs\\python\\python38-32\\lib\\site-packages\\behave\\matchers.py\", line 98, in run\n    self.func(context, *args, **kwargs)\n  File \"features\\steps\\hw3.1_amazon_add_to_cart.py\", line 91, in verify_if_product_in_cart\n    result = context.driver.find_element(By.XPATH, \"//span[@class='a-size-medium sc-product-title']\").text\n  File \"c:\\users\\rapid\\appdata\\local\\programs\\python\\python38-32\\lib\\site-packages\\selenium\\webdriver\\remote\\webdriver.py\", line 976, in find_element\n    return self.execute(Command.FIND_ELEMENT, {\n  File \"c:\\users\\rapid\\appdata\\local\\programs\\python\\python38-32\\lib\\site-packages\\selenium\\webdriver\\remote\\webdriver.py\", line 321, in execute\n    self.error_handler.check_response(response)\n  File \"c:\\users\\rapid\\appdata\\local\\programs\\python\\python38-32\\lib\\site-packages\\selenium\\webdriver\\remote\\errorhandler.py\", line 242, in check_response\n    raise exception_class(message, screen, stacktrace)\n"}, "steps": [{"name": "Given Open main page Amazon", "status": "passed", "start": 1579742467624, "stop": 1579742474477}, {"name": "When Click on the Cart icon First", "status": "passed", "start": 1579742474477, "stop": 1579742477440}, {"name": "And Click on the Sign in icon Enter", "status": "passed", "start": 1579742477441, "stop": 1579742482184}, {"name": "Then Enter email into Email field", "status": "passed", "start": 1579742482185, "stop": 1579742484308}, {"name": "And Click on the Continue icon", "status": "passed", "start": 1579742484308, "stop": 1579742488828}, {"name": "Then Enter password into Password field", "status": "passed", "start": 1579742488828, "stop": 1579742492905}, {"name": "And Click on the Sign in icon Continue", "status": "passed", "start": 1579742492905, "stop": 1579742497957}, {"name": "Then Enter \"Brain Stimulator\" into search field", "status": "passed", "start": 1579742497957, "stop": 1579742500071}, {"name": "And Click on search button", "status": "passed", "start": 1579742500071, "stop": 1579742507252}, {"name": "And Click on MUSE: The Brain Sensing Headband text", "status": "passed", "start": 1579742507252, "stop": 1579742512786}, {"name": "Then Click on Add to Cart button", "status": "passed", "start": 1579742512786, "stop": 1579742514886}, {"name": "Then Click_on_the_no_coverage_btn", "status": "passed", "start": 1579742514886, "stop": 1579742517938}, {"name": "Then Click on the Cart icon Second", "status": "passed", "start": 1579742517939, "stop": 1579742521571}, {"name": "Then Verify that text tDCS Device - TheBrainDriver v2. tDCS Digital Precision + Safety Features. (Everything Included. Ready-to-Use). is on the page", "status": "broken", "statusDetails": {"message": "selenium.common.exceptions.NoSuchElementException: Message: no such element: Unable to locate element: {\"method\":\"xpath\",\"selector\":\"//span[@class='a-size-medium sc-product-title']\"}\n  (Session info: chrome=78.0.3904.108)\n\n", "trace": "  File \"c:\\users\\rapid\\appdata\\local\\programs\\python\\python38-32\\lib\\site-packages\\behave\\model.py\", line 1329, in run\n    match.run(runner.context)\n  File \"c:\\users\\rapid\\appdata\\local\\programs\\python\\python38-32\\lib\\site-packages\\behave\\matchers.py\", line 98, in run\n    self.func(context, *args, **kwargs)\n  File \"features\\steps\\hw3.1_amazon_add_to_cart.py\", line 91, in verify_if_product_in_cart\n    result = context.driver.find_element(By.XPATH, \"//span[@class='a-size-medium sc-product-title']\").text\n  File \"c:\\users\\rapid\\appdata\\local\\programs\\python\\python38-32\\lib\\site-packages\\selenium\\webdriver\\remote\\webdriver.py\", line 976, in find_element\n    return self.execute(Command.FIND_ELEMENT, {\n  File \"c:\\users\\rapid\\appdata\\local\\programs\\python\\python38-32\\lib\\site-packages\\selenium\\webdriver\\remote\\webdriver.py\", line 321, in execute\n    self.error_handler.check_response(response)\n  File \"c:\\users\\rapid\\appdata\\local\\programs\\python\\python38-32\\lib\\site-packages\\selenium\\webdriver\\remote\\errorhandler.py\", line 242, in check_response\n    raise exception_class(message, screen, stacktrace)\n"}, "start": 1579742521571, "stop": 1579742525595}], "start": 1579742458498, "stop": 1579742527866, "uuid": "e975d02f-2829-4c18-baab-c6126c598549", "historyId": "d8246ab6982cc60436954b5757bd0a1f", "labels": [{"name": "severity", "value": "normal"}, {"name": "feature", "value": "Test case using BDD that opens amazon.com, clicks on the cart icon add product and verifies that product is in the Your Shopping Cart"}, {"name": "framework", "value": "behave"}, {"name": "language", "value": "cpython3"}]}