{"name": "Size tooltip is shown upon hovering over Add To Cart button", "status": "broken", "statusDetails": {"message": "selenium.common.exceptions.TimeoutException: Message: \n\n", "trace": "  File \"c:\\everything\\my_docs\\self_development\\it\\testing\\automation_08_09_2019\\pycharmprojects\\venv\\lib\\site-packages\\behave\\model.py\", line 1329, in run\n    match.run(runner.context)\n  File \"c:\\everything\\my_docs\\self_development\\it\\testing\\automation_08_09_2019\\pycharmprojects\\venv\\lib\\site-packages\\behave\\matchers.py\", line 98, in run\n    self.func(context, *args, **kwargs)\n  File \"features\\steps\\hw7.2_main_page_steps.py\", line 89, in verify_size_tooltip\n    context.app.product_page.verify_size_tooltip()\n  File \"C:\\Everything\\My_docs\\Self_development\\IT\\Testing\\Automation_08_09_2019\\PycharmProjects\\pages\\hw8_product_page.py\", line 21, in verify_size_tooltip\n    self.wait_for_element_appear(*self.SIZE_SELECTION_TOOLTIP)\n  File \"C:\\Everything\\My_docs\\Self_development\\IT\\Testing\\Automation_08_09_2019\\PycharmProjects\\pages\\hw7_base_page.py\", line 32, in wait_for_element_appear\n    self.driver.wait.until(EC.presence_of_element_located(locator))\n  File \"c:\\everything\\my_docs\\self_development\\it\\testing\\automation_08_09_2019\\pycharmprojects\\venv\\lib\\site-packages\\selenium\\webdriver\\support\\wait.py\", line 80, in until\n    raise TimeoutException(message, screen, stacktrace)\n"}, "steps": [{"name": "Given Open Amazon B074TBCSC8 page", "status": "passed", "start": 1574738154280, "stop": 1574738160424}, {"name": "When Hover over Add To Cart button", "status": "passed", "start": 1574738160425, "stop": 1574738163316}, {"name": "Then Veryfy size selection tooltip is shown", "status": "broken", "statusDetails": {"message": "selenium.common.exceptions.TimeoutException: Message: \n\n", "trace": "  File \"c:\\everything\\my_docs\\self_development\\it\\testing\\automation_08_09_2019\\pycharmprojects\\venv\\lib\\site-packages\\behave\\model.py\", line 1329, in run\n    match.run(runner.context)\n  File \"c:\\everything\\my_docs\\self_development\\it\\testing\\automation_08_09_2019\\pycharmprojects\\venv\\lib\\site-packages\\behave\\matchers.py\", line 98, in run\n    self.func(context, *args, **kwargs)\n  File \"features\\steps\\hw7.2_main_page_steps.py\", line 89, in verify_size_tooltip\n    context.app.product_page.verify_size_tooltip()\n  File \"C:\\Everything\\My_docs\\Self_development\\IT\\Testing\\Automation_08_09_2019\\PycharmProjects\\pages\\hw8_product_page.py\", line 21, in verify_size_tooltip\n    self.wait_for_element_appear(*self.SIZE_SELECTION_TOOLTIP)\n  File \"C:\\Everything\\My_docs\\Self_development\\IT\\Testing\\Automation_08_09_2019\\PycharmProjects\\pages\\hw7_base_page.py\", line 32, in wait_for_element_appear\n    self.driver.wait.until(EC.presence_of_element_located(locator))\n  File \"c:\\everything\\my_docs\\self_development\\it\\testing\\automation_08_09_2019\\pycharmprojects\\venv\\lib\\site-packages\\selenium\\webdriver\\support\\wait.py\", line 80, in until\n    raise TimeoutException(message, screen, stacktrace)\n"}, "start": 1574738163317, "stop": 1574738181767}], "start": 1574738145472, "stop": 1574738184804, "uuid": "7f515180-282b-40a8-b4e8-9efc3b3eb501", "historyId": "276cba1fade6177c1aaeeaee601c7500", "labels": [{"name": "severity", "value": "normal"}, {"name": "feature", "value": "Test for product page"}, {"name": "framework", "value": "behave"}, {"name": "language", "value": "cpython3"}]}